<?xml version="1.0" encoding="UTF-8"?>
<testng-results skipped="0" failed="0" total="1" passed="1">
  <reporter-output>
    <line>
      <![CDATA[Welcome to maven project demo2]]>
    </line>
  </reporter-output>
  <suite name="Default suite" duration-ms="31" started-at="2018-02-07T10:56:56Z" finished-at="2018-02-07T10:56:56Z">
    <groups>
    </groups>
    <test name="Default test" duration-ms="31" started-at="2018-02-07T10:56:56Z" finished-at="2018-02-07T10:56:56Z">
      <class name="qsp.MavenProjectDemo1">
        <test-method status="PASS" signature="mavenDemo2()[pri:0, instance:qsp.MavenProjectDemo1@5034c75a]" name="mavenDemo2" duration-ms="16" started-at="2018-02-07T16:26:56Z" finished-at="2018-02-07T16:26:56Z">
          <reporter-output>
            <line>
              <![CDATA[Welcome to maven project demo2]]>
            </line>
          </reporter-output>
        </test-method> <!-- mavenDemo2 -->
      </class> <!-- qsp.MavenProjectDemo1 -->
    </test> <!-- Default test -->
  </suite> <!-- Default suite -->
</testng-results>
